Using pre-set license
Built from '2022.3/staging' branch; Version is '2022.3.10f1 (ff3792e53c62) revision 16725906'; Using compiler version '192829333'; Build Type 'Release'
OS: 'Windows 10  (10.0.19045) 64bit Education' Language: 'en' Physical Memory: 32456 MB
BatchMode: 1, IsHumanControllingUs: 0, StartBugReporterOnCrash: 0, Is64bit: 1, IsPro: 1

COMMAND LINE ARGUMENTS:
C:\Program Files\Unity 2022.3.10f1\Editor\Unity.exe
-adb2
-batchMode
-noUpm
-name
AssetImportWorker0
-projectPath
C:/Unity/AnimTest
-logFile
Logs/AssetImportWorker0.log
-srvPort
58049
Successfully changed project path to: C:/Unity/AnimTest
C:/Unity/AnimTest
[UnityMemory] Configuration Parameters - Can be set up in boot.config
    "memorysetup-bucket-allocator-granularity=16"
    "memorysetup-bucket-allocator-bucket-count=8"
    "memorysetup-bucket-allocator-block-size=33554432"
    "memorysetup-bucket-allocator-block-count=8"
    "memorysetup-main-allocator-block-size=16777216"
    "memorysetup-thread-allocator-block-size=16777216"
    "memorysetup-gfx-main-allocator-block-size=16777216"
    "memorysetup-gfx-thread-allocator-block-size=16777216"
    "memorysetup-cache-allocator-block-size=4194304"
    "memorysetup-typetree-allocator-block-size=2097152"
    "memorysetup-profiler-bucket-allocator-granularity=16"
    "memorysetup-profiler-bucket-allocator-bucket-count=8"
    "memorysetup-profiler-bucket-allocator-block-size=33554432"
    "memorysetup-profiler-bucket-allocator-block-count=8"
    "memorysetup-profiler-allocator-block-size=16777216"
    "memorysetup-profiler-editor-allocator-block-size=1048576"
    "memorysetup-temp-allocator-size-main=16777216"
    "memorysetup-job-temp-allocator-block-size=2097152"
    "memorysetup-job-temp-allocator-block-size-background=1048576"
    "memorysetup-job-temp-allocator-reduction-small-platforms=262144"
    "memorysetup-allocator-temp-initial-block-size-main=262144"
    "memorysetup-allocator-temp-initial-block-size-worker=262144"
    "memorysetup-temp-allocator-size-background-worker=32768"
    "memorysetup-temp-allocator-size-job-worker=262144"
    "memorysetup-temp-allocator-size-preload-manager=33554432"
    "memorysetup-temp-allocator-size-nav-mesh-worker=65536"
    "memorysetup-temp-allocator-size-audio-worker=65536"
    "memorysetup-temp-allocator-size-cloud-worker=32768"
    "memorysetup-temp-allocator-size-gi-baking-worker=262144"
    "memorysetup-temp-allocator-size-gfx=262144"
Player connection [29276] Host "[IP] 10.43.101.16 [Port] 0 [Flags] 2 [Guid] 530284090 [EditorId] 530284090 [Version] 1048832 [Id] WindowsEditor(7,TRWSM34811) [Debug] 1 [PackageName] WindowsEditor [ProjectName] Editor" joined multi-casting on [225.0.0.222:54997]...

Player connection [29276] Host "[IP] 10.43.101.16 [Port] 0 [Flags] 2 [Guid] 530284090 [EditorId] 530284090 [Version] 1048832 [Id] WindowsEditor(7,TRWSM34811) [Debug] 1 [PackageName] WindowsEditor [ProjectName] Editor" joined alternative multi-casting on [225.0.0.222:34997]...

[Physics::Module] Initialized MultithreadedJobDispatcher with 19 workers.
Refreshing native plugins compatible for Editor in 8.13 ms, found 3 plugins.
Preloading 0 native plugins for Editor in 0.00 ms.
Initialize engine version: 2022.3.10f1 (ff3792e53c62)
[Subsystems] Discovering subsystems at path C:/Program Files/Unity 2022.3.10f1/Editor/Data/Resources/UnitySubsystems
[Subsystems] Discovering subsystems at path C:/Unity/AnimTest/Assets
GfxDevice: creating device client; threaded=0; jobified=0
Direct3D:
    Version:  Direct3D 11.0 [level 11.1]
    Renderer: NVIDIA GeForce RTX 3070 (ID=0x2488)
    Vendor:   NVIDIA
    VRAM:     8031 MB
    Driver:   31.0.15.2824
Initialize mono
Mono path[0] = 'C:/Program Files/Unity 2022.3.10f1/Editor/Data/Managed'
Mono path[1] = 'C:/Program Files/Unity 2022.3.10f1/Editor/Data/MonoBleedingEdge/lib/mono/unityjit-win32'
Mono config path = 'C:/Program Files/Unity 2022.3.10f1/Editor/Data/MonoBleedingEdge/etc'
Using monoOptions --debugger-agent=transport=dt_socket,embedding=1,server=y,suspend=n,address=127.0.0.1:56664
Begin MonoManager ReloadAssembly
Registering precompiled unity dll's ...
Register platform support module: C:/Program Files/Unity 2022.3.10f1/Editor/Data/PlaybackEngines/WindowsStandaloneSupport/UnityEditor.WindowsStandalone.Extensions.dll
Registered in 0.006846 seconds.
- Loaded All Assemblies, in  0.360 seconds
Native extension for WindowsStandalone target not found
Mono: successfully reloaded assembly
- Finished resetting the current domain, in  0.279 seconds
Domain Reload Profiling: 637ms
	BeginReloadAssembly (112ms)
		ExecutionOrderSort (0ms)
		DisableScriptedObjects (0ms)
		BackupInstance (0ms)
		ReleaseScriptingObjects (0ms)
		CreateAndSetChildDomain (1ms)
	RebuildCommonClasses (36ms)
	RebuildNativeTypeToScriptingClass (12ms)
	initialDomainReloadingComplete (61ms)
	LoadAllAssembliesAndSetupDomain (136ms)
		LoadAssemblies (109ms)
		RebuildTransferFunctionScriptingTraits (0ms)
		AnalyzeDomain (135ms)
			TypeCache.Refresh (133ms)
				TypeCache.ScanAssembly (120ms)
			ScanForSourceGeneratedMonoScriptInfo (1ms)
			ResolveRequiredComponents (0ms)
	FinalizeReload (279ms)
		ReleaseScriptCaches (0ms)
		RebuildScriptCaches (0ms)
		SetupLoadedEditorAssemblies (216ms)
			LogAssemblyErrors (0ms)
			InitializePlatformSupportModulesInManaged (10ms)
			SetLoadedEditorAssemblies (8ms)
			RefreshPlugins (0ms)
			BeforeProcessingInitializeOnLoad (2ms)
			ProcessInitializeOnLoadAttributes (143ms)
			ProcessInitializeOnLoadMethodAttributes (53ms)
			AfterProcessingInitializeOnLoad (0ms)
			EditorAssembliesLoaded (0ms)
		ExecutionOrderSort2 (0ms)
		AwakeInstancesAfterBackupRestoration (0ms)
========================================================================
Worker process is ready to serve import requests
Begin MonoManager ReloadAssembly
- Loaded All Assemblies, in  0.607 seconds
Refreshing native plugins compatible for Editor in 2.80 ms, found 3 plugins.
Native extension for WindowsStandalone target not found
Package Manager log level set to [2]
[Package Manager] Server::EnsureServerProcessIsRunning -- launch failed, reason: Unity was launched with the -noUpm command-line argument
[Package Manager] UpmClient::Send -- Unable to send message (not connected to UPM process).
[Package Manager] Cannot connect to Unity Package Manager local server
Mono: successfully reloaded assembly
- Finished resetting the current domain, in  0.580 seconds
Domain Reload Profiling: 1185ms
	BeginReloadAssembly (141ms)
		ExecutionOrderSort (0ms)
		DisableScriptedObjects (6ms)
		BackupInstance (0ms)
		ReleaseScriptingObjects (0ms)
		CreateAndSetChildDomain (19ms)
	RebuildCommonClasses (39ms)
	RebuildNativeTypeToScriptingClass (12ms)
	initialDomainReloadingComplete (44ms)
	LoadAllAssembliesAndSetupDomain (367ms)
		LoadAssemblies (269ms)
		RebuildTransferFunctionScriptingTraits (0ms)
		AnalyzeDomain (178ms)
			TypeCache.Refresh (159ms)
				TypeCache.ScanAssembly (145ms)
			ScanForSourceGeneratedMonoScriptInfo (14ms)
			ResolveRequiredComponents (4ms)
	FinalizeReload (581ms)
		ReleaseScriptCaches (0ms)
		RebuildScriptCaches (0ms)
		SetupLoadedEditorAssemblies (427ms)
			LogAssemblyErrors (0ms)
			InitializePlatformSupportModulesInManaged (7ms)
			SetLoadedEditorAssemblies (3ms)
			RefreshPlugins (0ms)
			BeforeProcessingInitializeOnLoad (59ms)
			ProcessInitializeOnLoadAttributes (325ms)
			ProcessInitializeOnLoadMethodAttributes (25ms)
			AfterProcessingInitializeOnLoad (8ms)
			EditorAssembliesLoaded (0ms)
		ExecutionOrderSort2 (0ms)
		AwakeInstancesAfterBackupRestoration (8ms)
Launched and connected shader compiler UnityShaderCompiler.exe after 0.03 seconds
Refreshing native plugins compatible for Editor in 3.15 ms, found 3 plugins.
Preloading 0 native plugins for Editor in 0.00 ms.
Unloading 3069 Unused Serialized files (Serialized files now loaded: 0)
Unloading 31 unused Assets / (56.3 KB). Loaded Objects now: 3531.
Memory consumption went from 114.8 MB to 114.8 MB.
Total: 3.136000 ms (FindLiveObjects: 0.401100 ms CreateObjectMapping: 0.101700 ms MarkObjects: 2.540700 ms  DeleteObjects: 0.091800 ms)

AssetImportParameters requested are different than current active one (requested -> active):
  custom:container-demuxer-ogg: 62fdf1f143b41e24485cea50d1cbac27 -> 
  custom:video-decoder-ogg-theora: a1e56fd34408186e4bbccfd4996cb3dc -> 
  custom:framework-win-MediaFoundation: 216162199b28c13a410421893ffa2e32 -> 
  custom:CustomObjectIndexerAttribute: 756ad292c208cfabdd7b50bc23989ffe -> 
  custom:container-demuxer-webm: 4f35f7cbe854078d1ac9338744f61a02 -> 
  custom:container-muxer-webm: aa71ff27fc2769a1b78a27578f13a17b -> 
  custom:video-decoder-webm-vp8: 9c59270c3fd7afecdb556c50c9e8de78 -> 
  custom:SearchIndexIgnoredProperties: e643bd26f0fe6173181afceb89e7c659 -> 
  custom:AudioImporter_EditorPlatform: d09bf68614088b80899f8185d706f6e7 -> 
  custom:video-encoder-webm-vp8: eb34c28f22e8b96e1ab97ce403110664 -> 
  custom:audio-decoder-ogg-vorbis: bf7c407c2cedff20999df2af8eb42d56 -> 
  custom:audio-encoder-webm-vorbis: bf7c407c2cedff20999df2af8eb42d56 -> 
========================================================================
Received Import Request.
  Time since last request: 1500446.452188 seconds.
  path: Assets/Spot Light.controller
  artifactKey: Guid(f6aa99f57ad68a541a3c3c9cee064635) Importer(815301076,1909f56bfc062723c751e8b465ee728b)
Start importing Assets/Spot Light.controller using Guid(f6aa99f57ad68a541a3c3c9cee064635) Importer(815301076,1909f56bfc062723c751e8b465ee728b)  -> (artifact id: '5d572bd334e8a177c286e75551178cb2') in 0.013413 seconds
Number of updated asset objects reloaded before import = 0
Number of asset objects unloaded after import = 1
========================================================================
Received Import Request.
  Time since last request: 6.607996 seconds.
  path: Assets/Spotlight Anim.controller
  artifactKey: Guid(f6aa99f57ad68a541a3c3c9cee064635) Importer(815301076,1909f56bfc062723c751e8b465ee728b)
Start importing Assets/Spotlight Anim.controller using Guid(f6aa99f57ad68a541a3c3c9cee064635) Importer(815301076,1909f56bfc062723c751e8b465ee728b)  -> (artifact id: 'ca4b37e39934abffa7fa2f3be03dc6ba') in 0.001495 seconds
Number of updated asset objects reloaded before import = 0
Number of asset objects unloaded after import = 4
========================================================================
Received Import Request.
  Time since last request: 1220.447800 seconds.
  path: Assets/Light.anim
  artifactKey: Guid(6959acfd3d18e294098fd0367071d771) Importer(815301076,1909f56bfc062723c751e8b465ee728b)
Start importing Assets/Light.anim using Guid(6959acfd3d18e294098fd0367071d771) Importer(815301076,1909f56bfc062723c751e8b465ee728b)  -> (artifact id: '375f0e12e572bc95e1d1dec04f12e856') in 0.001514 seconds
Number of updated asset objects reloaded before import = 0
Number of asset objects unloaded after import = 1
========================================================================
Received Import Request.
  Time since last request: 24.489687 seconds.
  path: Assets/Animations
  artifactKey: Guid(4b0289f2a70e04a44a66a1b97e87e832) Importer(815301076,1909f56bfc062723c751e8b465ee728b)
Start importing Assets/Animations using Guid(4b0289f2a70e04a44a66a1b97e87e832) Importer(815301076,1909f56bfc062723c751e8b465ee728b)  -> (artifact id: '898abdc8321decef81f9e4047dc8c6a5') in 0.000521 seconds
Number of updated asset objects reloaded before import = 0
Number of asset objects unloaded after import = 0
========================================================================
Received Import Request.
  Time since last request: 993.089392 seconds.
  path: Assets/Scenes/model.fbx
  artifactKey: Guid(d1637058ce14a1c4e952b8938163bb7f) Importer(815301076,1909f56bfc062723c751e8b465ee728b)
Start importing Assets/Scenes/model.fbx using Guid(d1637058ce14a1c4e952b8938163bb7f) Importer(815301076,1909f56bfc062723c751e8b465ee728b)  -> (artifact id: 'c2a1d03e0f0378499e0ee8ad694e6322') in 0.276996 seconds
Number of updated asset objects reloaded before import = 0
Number of asset objects unloaded after import = 75
========================================================================
Received Import Request.
  Time since last request: 17.703548 seconds.
  path: Assets/Scenes/assets.zip
  artifactKey: Guid(816a8350040ab7e41a1ae6133e384105) Importer(815301076,1909f56bfc062723c751e8b465ee728b)
Start importing Assets/Scenes/assets.zip using Guid(816a8350040ab7e41a1ae6133e384105) Importer(815301076,1909f56bfc062723c751e8b465ee728b)  -> (artifact id: '06a014e2909e6db064683d6fdaafb912') in 0.001016 seconds
Number of updated asset objects reloaded before import = 0
Number of asset objects unloaded after import = 1
========================================================================
Received Import Request.
  Time since last request: 24.386682 seconds.
  path: Assets/Scenes/model.obj
  artifactKey: Guid(ca34e12de0b141040b88dc0394fd6f3a) Importer(815301076,1909f56bfc062723c751e8b465ee728b)
Start importing Assets/Scenes/model.obj using Guid(ca34e12de0b141040b88dc0394fd6f3a) Importer(815301076,1909f56bfc062723c751e8b465ee728b)  -> (artifact id: '6b64dfe2ab59d8e0736bbfd2a9c0a09e') in 0.039635 seconds
Number of updated asset objects reloaded before import = 0
Number of asset objects unloaded after import = 10
========================================================================
Received Import Request.
  Time since last request: 9.493046 seconds.
  path: Assets/Scenes/e7dc36665eb12220.png
  artifactKey: Guid(3e5d88b3859c6b54faaf70fd97674307) Importer(815301076,1909f56bfc062723c751e8b465ee728b)
Start importing Assets/Scenes/e7dc36665eb12220.png using Guid(3e5d88b3859c6b54faaf70fd97674307) Importer(815301076,1909f56bfc062723c751e8b465ee728b)  -> (artifact id: '59a4ba55537c0aee77d281e9704f6bc2') in 0.027202 seconds
Number of updated asset objects reloaded before import = 0
Number of asset objects unloaded after import = 2
========================================================================
Received Import Request.
  Time since last request: 25.964234 seconds.
  path: Assets/Scenes/e7dc36665eb12220.png
  artifactKey: Guid(3e5d88b3859c6b54faaf70fd97674307) Importer(815301076,1909f56bfc062723c751e8b465ee728b)
Start importing Assets/Scenes/e7dc36665eb12220.png using Guid(3e5d88b3859c6b54faaf70fd97674307) Importer(815301076,1909f56bfc062723c751e8b465ee728b)  -> (artifact id: '1f660b792f601b263940326b889ab581') in 0.015895 seconds
Number of updated asset objects reloaded before import = 0
Number of asset objects unloaded after import = 2
========================================================================
Received Import Request.
  Time since last request: 4.392440 seconds.
  path: Assets/Scenes/e7dc36665eb12220.png
  artifactKey: Guid(3e5d88b3859c6b54faaf70fd97674307) Importer(815301076,1909f56bfc062723c751e8b465ee728b)
Start importing Assets/Scenes/e7dc36665eb12220.png using Guid(3e5d88b3859c6b54faaf70fd97674307) Importer(815301076,1909f56bfc062723c751e8b465ee728b)  -> (artifact id: 'f2ef2ade2828e50e8897cc70ea9e37a8') in 0.011502 seconds
Number of updated asset objects reloaded before import = 0
Number of asset objects unloaded after import = 2
========================================================================
Received Import Request.
  Time since last request: 16.847996 seconds.
  path: Assets/Scenes/materials.mtl
  artifactKey: Guid(12da4d1a7a662a741bd7fe219ad39440) Importer(815301076,1909f56bfc062723c751e8b465ee728b)
Start importing Assets/Scenes/materials.mtl using Guid(12da4d1a7a662a741bd7fe219ad39440) Importer(815301076,1909f56bfc062723c751e8b465ee728b)  -> (artifact id: 'f840df482fc535febb40535857581dae') in 0.000952 seconds
Number of updated asset objects reloaded before import = 0
Number of asset objects unloaded after import = 1
========================================================================
Received Import Request.
  Time since last request: 8.242266 seconds.
  path: Assets/Scenes/e7dc36665eb12220.png
  artifactKey: Guid(3e5d88b3859c6b54faaf70fd97674307) Importer(815301076,1909f56bfc062723c751e8b465ee728b)
Start importing Assets/Scenes/e7dc36665eb12220.png using Guid(3e5d88b3859c6b54faaf70fd97674307) Importer(815301076,1909f56bfc062723c751e8b465ee728b)  -> (artifact id: 'cda80fa52b6af88978f636fdf7c7ff5a') in 0.019582 seconds
Number of updated asset objects reloaded before import = 0
Number of asset objects unloaded after import = 2
========================================================================
Received Import Request.
  Time since last request: 56.310850 seconds.
  path: Assets/Scenes/model.fbx
  artifactKey: Guid(d1637058ce14a1c4e952b8938163bb7f) Importer(815301076,1909f56bfc062723c751e8b465ee728b)
Start importing Assets/Scenes/model.fbx using Guid(d1637058ce14a1c4e952b8938163bb7f) Importer(815301076,1909f56bfc062723c751e8b465ee728b)  -> (artifact id: '4158edc96f83354a970251e2b76808ef') in 0.089772 seconds
Number of updated asset objects reloaded before import = 0
Number of asset objects unloaded after import = 76
========================================================================
Received Import Request.
  Time since last request: 11.396635 seconds.
  path: Assets/Scenes/e7dc36665eb12220.png
  artifactKey: Guid(3e5d88b3859c6b54faaf70fd97674307) Importer(815301076,1909f56bfc062723c751e8b465ee728b)
Start importing Assets/Scenes/e7dc36665eb12220.png using Guid(3e5d88b3859c6b54faaf70fd97674307) Importer(815301076,1909f56bfc062723c751e8b465ee728b)  -> (artifact id: 'fa5c41abe99ad85963847fec7eeb1d2b') in 0.017052 seconds
Number of updated asset objects reloaded before import = 0
Number of asset objects unloaded after import = 2
========================================================================
Received Import Request.
  Time since last request: 10.226968 seconds.
  path: Assets/Scenes/e7dc36665eb12220.png
  artifactKey: Guid(3e5d88b3859c6b54faaf70fd97674307) Importer(815301076,1909f56bfc062723c751e8b465ee728b)
Start importing Assets/Scenes/e7dc36665eb12220.png using Guid(3e5d88b3859c6b54faaf70fd97674307) Importer(815301076,1909f56bfc062723c751e8b465ee728b)  -> (artifact id: '19f72d4a7a1e0f64da0c25665dc5cab4') in 0.027267 seconds
Number of updated asset objects reloaded before import = 0
Number of asset objects unloaded after import = 2
========================================================================
Received Import Request.
  Time since last request: 4.759954 seconds.
  path: Assets/Scenes/e7dc36665eb12220.png
  artifactKey: Guid(3e5d88b3859c6b54faaf70fd97674307) Importer(815301076,1909f56bfc062723c751e8b465ee728b)
Start importing Assets/Scenes/e7dc36665eb12220.png using Guid(3e5d88b3859c6b54faaf70fd97674307) Importer(815301076,1909f56bfc062723c751e8b465ee728b)  -> (artifact id: '79c0a06f91238730da34a0dfbef4c50a') in 0.030757 seconds
Number of updated asset objects reloaded before import = 0
Number of asset objects unloaded after import = 3
========================================================================
Received Import Request.
  Time since last request: 9.287873 seconds.
  path: Assets/Scenes/e7dc36665eb12220.png
  artifactKey: Guid(3e5d88b3859c6b54faaf70fd97674307) Importer(815301076,1909f56bfc062723c751e8b465ee728b)
Start importing Assets/Scenes/e7dc36665eb12220.png using Guid(3e5d88b3859c6b54faaf70fd97674307) Importer(815301076,1909f56bfc062723c751e8b465ee728b)  -> (artifact id: 'c03dbd9c66a4e91278fda331a6ddff17') in 0.025750 seconds
Number of updated asset objects reloaded before import = 0
Number of asset objects unloaded after import = 1
========================================================================
Received Import Request.
  Time since last request: 3.001497 seconds.
  path: Assets/Scenes/e7dc36665eb12220.png
  artifactKey: Guid(3e5d88b3859c6b54faaf70fd97674307) Importer(815301076,1909f56bfc062723c751e8b465ee728b)
Start importing Assets/Scenes/e7dc36665eb12220.png using Guid(3e5d88b3859c6b54faaf70fd97674307) Importer(815301076,1909f56bfc062723c751e8b465ee728b)  -> (artifact id: '0fd2a1cc29bf35e930f9a4ec2d4b6ee8') in 0.012254 seconds
Number of updated asset objects reloaded before import = 0
Number of asset objects unloaded after import = 2
========================================================================
Received Import Request.
  Time since last request: 4.034091 seconds.
  path: Assets/Scenes/e7dc36665eb12220.png
  artifactKey: Guid(3e5d88b3859c6b54faaf70fd97674307) Importer(815301076,1909f56bfc062723c751e8b465ee728b)
Start importing Assets/Scenes/e7dc36665eb12220.png using Guid(3e5d88b3859c6b54faaf70fd97674307) Importer(815301076,1909f56bfc062723c751e8b465ee728b)  -> (artifact id: '5b4205fb977101ae1bf16edc66ba82b3') in 0.013046 seconds
Number of updated asset objects reloaded before import = 0
Number of asset objects unloaded after import = 2
========================================================================
Received Import Request.
  Time since last request: 3.854518 seconds.
  path: Assets/Scenes/e7dc36665eb12220.png
  artifactKey: Guid(3e5d88b3859c6b54faaf70fd97674307) Importer(815301076,1909f56bfc062723c751e8b465ee728b)
Start importing Assets/Scenes/e7dc36665eb12220.png using Guid(3e5d88b3859c6b54faaf70fd97674307) Importer(815301076,1909f56bfc062723c751e8b465ee728b)  -> (artifact id: 'e074260757ded10093cd2a3613ee3190') in 0.024321 seconds
Number of updated asset objects reloaded before import = 0
Number of asset objects unloaded after import = 1
========================================================================
Received Import Request.
  Time since last request: 5.869024 seconds.
  path: Assets/Scenes/e7dc36665eb12220.png
  artifactKey: Guid(3e5d88b3859c6b54faaf70fd97674307) Importer(815301076,1909f56bfc062723c751e8b465ee728b)
Start importing Assets/Scenes/e7dc36665eb12220.png using Guid(3e5d88b3859c6b54faaf70fd97674307) Importer(815301076,1909f56bfc062723c751e8b465ee728b)  -> (artifact id: '80ac7d30808b839004771be2608a01b1') in 0.035957 seconds
Number of updated asset objects reloaded before import = 0
Number of asset objects unloaded after import = 1
========================================================================
Received Import Request.
  Time since last request: 11.616812 seconds.
  path: Assets/Scenes/e7dc36665eb12220.png
  artifactKey: Guid(3e5d88b3859c6b54faaf70fd97674307) Importer(815301076,1909f56bfc062723c751e8b465ee728b)
Start importing Assets/Scenes/e7dc36665eb12220.png using Guid(3e5d88b3859c6b54faaf70fd97674307) Importer(815301076,1909f56bfc062723c751e8b465ee728b)  -> (artifact id: '6f5fe496fa27f4ef85d19c9e4e093d87') in 0.012186 seconds
Number of updated asset objects reloaded before import = 0
Number of asset objects unloaded after import = 2
========================================================================
Received Import Request.
  Time since last request: 2.945481 seconds.
  path: Assets/Scenes/e7dc36665eb12220.png
  artifactKey: Guid(3e5d88b3859c6b54faaf70fd97674307) Importer(815301076,1909f56bfc062723c751e8b465ee728b)
Start importing Assets/Scenes/e7dc36665eb12220.png using Guid(3e5d88b3859c6b54faaf70fd97674307) Importer(815301076,1909f56bfc062723c751e8b465ee728b)  -> (artifact id: 'bbb151d3405b8786479f9b014fc3a91d') in 0.013447 seconds
Number of updated asset objects reloaded before import = 0
Number of asset objects unloaded after import = 2
========================================================================
Received Import Request.
  Time since last request: 2.080467 seconds.
  path: Assets/Scenes/e7dc36665eb12220.png
  artifactKey: Guid(3e5d88b3859c6b54faaf70fd97674307) Importer(815301076,1909f56bfc062723c751e8b465ee728b)
Start importing Assets/Scenes/e7dc36665eb12220.png using Guid(3e5d88b3859c6b54faaf70fd97674307) Importer(815301076,1909f56bfc062723c751e8b465ee728b)  -> (artifact id: '61585b2b061f88bc9c5eb64fca561612') in 0.014117 seconds
Number of updated asset objects reloaded before import = 0
Number of asset objects unloaded after import = 2
========================================================================
Received Import Request.
  Time since last request: 40.071615 seconds.
  path: Assets/Scenes/model.gltf
  artifactKey: Guid(c260cd9104ee5e548913a0aa5d41575e) Importer(815301076,1909f56bfc062723c751e8b465ee728b)
Start importing Assets/Scenes/model.gltf using Guid(c260cd9104ee5e548913a0aa5d41575e) Importer(815301076,1909f56bfc062723c751e8b465ee728b)  -> (artifact id: '9c59006806c53334587d4b57c399ee87') in 0.001063 seconds
Number of updated asset objects reloaded before import = 0
Number of asset objects unloaded after import = 1
========================================================================
Received Import Request.
  Time since last request: 50.332309 seconds.
  path: Assets/Scenes/e7dc36665eb12220.png
  artifactKey: Guid(3e5d88b3859c6b54faaf70fd97674307) Importer(815301076,1909f56bfc062723c751e8b465ee728b)
Start importing Assets/Scenes/e7dc36665eb12220.png using Guid(3e5d88b3859c6b54faaf70fd97674307) Importer(815301076,1909f56bfc062723c751e8b465ee728b)  -> (artifact id: 'cae40d6519d5ffecc8078f214801062f') in 0.028787 seconds
Number of updated asset objects reloaded before import = 0
Number of asset objects unloaded after import = 2
========================================================================
Received Import Request.
  Time since last request: 4.790192 seconds.
  path: Assets/Scenes/e7dc36665eb12220.png
  artifactKey: Guid(3e5d88b3859c6b54faaf70fd97674307) Importer(815301076,1909f56bfc062723c751e8b465ee728b)
Start importing Assets/Scenes/e7dc36665eb12220.png using Guid(3e5d88b3859c6b54faaf70fd97674307) Importer(815301076,1909f56bfc062723c751e8b465ee728b)  -> (artifact id: 'ce5e83acf3f3f154ca626d7be05424d9') in 0.018854 seconds
Number of updated asset objects reloaded before import = 0
Number of asset objects unloaded after import = 2
========================================================================
Received Import Request.
  Time since last request: 15.470819 seconds.
  path: Assets/Scenes/e7dc36665eb12220.png
  artifactKey: Guid(3e5d88b3859c6b54faaf70fd97674307) Importer(815301076,1909f56bfc062723c751e8b465ee728b)
Start importing Assets/Scenes/e7dc36665eb12220.png using Guid(3e5d88b3859c6b54faaf70fd97674307) Importer(815301076,1909f56bfc062723c751e8b465ee728b)  -> (artifact id: '62bb355641517c41a4b43f7170bf3cb3') in 0.010727 seconds
Number of updated asset objects reloaded before import = 0
Number of asset objects unloaded after import = 2
========================================================================
Received Import Request.
  Time since last request: 1.619653 seconds.
  path: Assets/Scenes/e7dc36665eb12220.png
  artifactKey: Guid(3e5d88b3859c6b54faaf70fd97674307) Importer(815301076,1909f56bfc062723c751e8b465ee728b)
Start importing Assets/Scenes/e7dc36665eb12220.png using Guid(3e5d88b3859c6b54faaf70fd97674307) Importer(815301076,1909f56bfc062723c751e8b465ee728b)  -> (artifact id: '60df9eac69b2b8ca38e4b09dd6372645') in 0.017314 seconds
Number of updated asset objects reloaded before import = 0
Number of asset objects unloaded after import = 2
========================================================================
Received Import Request.
  Time since last request: 4.964356 seconds.
  path: Assets/Scenes/e7dc36665eb12220.png
  artifactKey: Guid(3e5d88b3859c6b54faaf70fd97674307) Importer(815301076,1909f56bfc062723c751e8b465ee728b)
Start importing Assets/Scenes/e7dc36665eb12220.png using Guid(3e5d88b3859c6b54faaf70fd97674307) Importer(815301076,1909f56bfc062723c751e8b465ee728b)  -> (artifact id: '9cd785128fb3e00ebb4beef0fdd878bb') in 0.018480 seconds
Number of updated asset objects reloaded before import = 0
Number of asset objects unloaded after import = 2
========================================================================
Received Import Request.
  Time since last request: 95.604066 seconds.
  path: Assets/Scenes/e7dc36665eb12220.png
  artifactKey: Guid(3e5d88b3859c6b54faaf70fd97674307) Importer(815301076,1909f56bfc062723c751e8b465ee728b)
Start importing Assets/Scenes/e7dc36665eb12220.png using Guid(3e5d88b3859c6b54faaf70fd97674307) Importer(815301076,1909f56bfc062723c751e8b465ee728b)  -> (artifact id: 'b68790d7cc2053f7cdf972c322ed212f') in 0.024981 seconds
Number of updated asset objects reloaded before import = 0
Number of asset objects unloaded after import = 2
========================================================================
Received Import Request.
  Time since last request: 6.609662 seconds.
  path: Assets/Scenes/e7dc36665eb12220.png
  artifactKey: Guid(3e5d88b3859c6b54faaf70fd97674307) Importer(815301076,1909f56bfc062723c751e8b465ee728b)
Start importing Assets/Scenes/e7dc36665eb12220.png using Guid(3e5d88b3859c6b54faaf70fd97674307) Importer(815301076,1909f56bfc062723c751e8b465ee728b)  -> (artifact id: 'ce9b93fc5b78a7a663d3dbe0ec95240c') in 0.024712 seconds
Number of updated asset objects reloaded before import = 0
Number of asset objects unloaded after import = 3
========================================================================
Received Import Request.
  Time since last request: 11.120470 seconds.
  path: Assets/Scenes/e7dc36665eb12220.png
  artifactKey: Guid(3e5d88b3859c6b54faaf70fd97674307) Importer(815301076,1909f56bfc062723c751e8b465ee728b)
Start importing Assets/Scenes/e7dc36665eb12220.png using Guid(3e5d88b3859c6b54faaf70fd97674307) Importer(815301076,1909f56bfc062723c751e8b465ee728b)  -> (artifact id: '2269454c6cce152d03400409e9971485') in 0.012409 seconds
Number of updated asset objects reloaded before import = 0
Number of asset objects unloaded after import = 2
========================================================================
Received Import Request.
  Time since last request: 5.888228 seconds.
  path: Assets/Scenes/e7dc36665eb12220.png
  artifactKey: Guid(3e5d88b3859c6b54faaf70fd97674307) Importer(815301076,1909f56bfc062723c751e8b465ee728b)
Start importing Assets/Scenes/e7dc36665eb12220.png using Guid(3e5d88b3859c6b54faaf70fd97674307) Importer(815301076,1909f56bfc062723c751e8b465ee728b)  -> (artifact id: 'f584d774529c741df8790879d3b06cca') in 0.010387 seconds
Number of updated asset objects reloaded before import = 0
Number of asset objects unloaded after import = 2
========================================================================
Received Import Request.
  Time since last request: 99.343246 seconds.
  path: Assets/Scenes/model.fbx
  artifactKey: Guid(d1637058ce14a1c4e952b8938163bb7f) Importer(815301076,1909f56bfc062723c751e8b465ee728b)
Start importing Assets/Scenes/model.fbx using Guid(d1637058ce14a1c4e952b8938163bb7f) Importer(815301076,1909f56bfc062723c751e8b465ee728b)  -> (artifact id: 'd8137cfe3d7e65b40fdb1089033d1a0c') in 0.129583 seconds
Number of updated asset objects reloaded before import = 0
Number of asset objects unloaded after import = 75
========================================================================
Received Import Request.
  Time since last request: 101.900491 seconds.
  path: Assets/Scenes/model.obj
  artifactKey: Guid(ca34e12de0b141040b88dc0394fd6f3a) Importer(815301076,1909f56bfc062723c751e8b465ee728b)
Start importing Assets/Scenes/model.obj using Guid(ca34e12de0b141040b88dc0394fd6f3a) Importer(815301076,1909f56bfc062723c751e8b465ee728b)  -> (artifact id: '049293c1cda60bd96c12dd3329d3c9e7') in 0.029796 seconds
Number of updated asset objects reloaded before import = 0
Number of asset objects unloaded after import = 11
========================================================================
Received Import Request.
  Time since last request: 119.956122 seconds.
  path: Assets/Scenes/e7dc36665eb12220.png
  artifactKey: Guid(3e5d88b3859c6b54faaf70fd97674307) Importer(815301076,1909f56bfc062723c751e8b465ee728b)
Start importing Assets/Scenes/e7dc36665eb12220.png using Guid(3e5d88b3859c6b54faaf70fd97674307) Importer(815301076,1909f56bfc062723c751e8b465ee728b)  -> (artifact id: '25974abe0816a5776a0f9f382d4d3ca4') in 0.011923 seconds
Number of updated asset objects reloaded before import = 0
Number of asset objects unloaded after import = 2
========================================================================
Received Import Request.
  Time since last request: 124.056983 seconds.
  path: Assets/Scenes/e7dc36665eb12220.png
  artifactKey: Guid(3e5d88b3859c6b54faaf70fd97674307) Importer(815301076,1909f56bfc062723c751e8b465ee728b)
Start importing Assets/Scenes/e7dc36665eb12220.png using Guid(3e5d88b3859c6b54faaf70fd97674307) Importer(815301076,1909f56bfc062723c751e8b465ee728b)  -> (artifact id: '8db142133336c52858a58d791c5530cb') in 0.012767 seconds
Number of updated asset objects reloaded before import = 0
Number of asset objects unloaded after import = 2
========================================================================
Received Import Request.
  Time since last request: 4.588666 seconds.
  path: Assets/Scenes/e7dc36665eb12220.png
  artifactKey: Guid(3e5d88b3859c6b54faaf70fd97674307) Importer(815301076,1909f56bfc062723c751e8b465ee728b)
Start importing Assets/Scenes/e7dc36665eb12220.png using Guid(3e5d88b3859c6b54faaf70fd97674307) Importer(815301076,1909f56bfc062723c751e8b465ee728b)  -> (artifact id: '01a1564135b591fef0cbed6928940663') in 0.011718 seconds
Number of updated asset objects reloaded before import = 0
Number of asset objects unloaded after import = 2
========================================================================
Received Import Request.
  Time since last request: 54.243607 seconds.
  path: Assets/Scenes
  artifactKey: Guid(985a11cc098641545b12e6f97092920d) Importer(815301076,1909f56bfc062723c751e8b465ee728b)
Start importing Assets/Scenes using Guid(985a11cc098641545b12e6f97092920d) Importer(815301076,1909f56bfc062723c751e8b465ee728b)  -> (artifact id: 'cb4713b4bf8de57df8f3af0efec068a8') in 0.000739 seconds
Number of updated asset objects reloaded before import = 0
Number of asset objects unloaded after import = 0
========================================================================
Received Import Request.
  Time since last request: 5.987470 seconds.
  path: Assets/Scenes/New Material.mat
  artifactKey: Guid(4d484071300d7914587925c2f394092f) Importer(815301076,1909f56bfc062723c751e8b465ee728b)
Start importing Assets/Scenes/New Material.mat using Guid(4d484071300d7914587925c2f394092f) Importer(815301076,1909f56bfc062723c751e8b465ee728b)  -> (artifact id: 'df35b18d20d1cb55dffa9eead6cff154') in 0.013285 seconds
Number of updated asset objects reloaded before import = 0
Number of asset objects unloaded after import = 1
========================================================================
Received Import Request.
  Time since last request: 19.256367 seconds.
  path: Assets/Scenes/Frosty.png
  artifactKey: Guid(20a6dda46819eab4a814895983979bb8) Importer(815301076,1909f56bfc062723c751e8b465ee728b)
Start importing Assets/Scenes/Frosty.png using Guid(20a6dda46819eab4a814895983979bb8) Importer(815301076,1909f56bfc062723c751e8b465ee728b)  -> (artifact id: 'db220b4f9f4e36400c0815f7143fba72') in 0.012163 seconds
Number of updated asset objects reloaded before import = 0
Number of asset objects unloaded after import = 2
========================================================================
Received Import Request.
  Time since last request: 14.168091 seconds.
  path: Assets/Scenes/Frosty.png
  artifactKey: Guid(20a6dda46819eab4a814895983979bb8) Importer(815301076,1909f56bfc062723c751e8b465ee728b)
Start importing Assets/Scenes/Frosty.png using Guid(20a6dda46819eab4a814895983979bb8) Importer(815301076,1909f56bfc062723c751e8b465ee728b)  -> (artifact id: 'f9db587cd7df5920833cf8c5d3748ca3') in 0.012350 seconds
Number of updated asset objects reloaded before import = 0
Number of asset objects unloaded after import = 2
========================================================================
Received Import Request.
  Time since last request: 5.699586 seconds.
  path: Assets/Scenes/SampleScene.unity
  artifactKey: Guid(9fc0d4010bbf28b4594072e72b8655ab) Importer(815301076,1909f56bfc062723c751e8b465ee728b)
Start importing Assets/Scenes/SampleScene.unity using Guid(9fc0d4010bbf28b4594072e72b8655ab) Importer(815301076,1909f56bfc062723c751e8b465ee728b)  -> (artifact id: 'a85bec50c8be757587fedfaade313866') in 0.000612 seconds
Number of updated asset objects reloaded before import = 0
Number of asset objects unloaded after import = 0
========================================================================
Received Import Request.
  Time since last request: 163.606486 seconds.
  path: Assets/Scenes/model.mat
  artifactKey: Guid(2823701ed59b0c94cb210e8501e19759) Importer(815301076,1909f56bfc062723c751e8b465ee728b)
Start importing Assets/Scenes/model.mat using Guid(2823701ed59b0c94cb210e8501e19759) Importer(815301076,1909f56bfc062723c751e8b465ee728b)  -> (artifact id: 'ffe121c7cd6b55e4e80c8b2d19967079') in 0.016247 seconds
Number of updated asset objects reloaded before import = 0
Number of asset objects unloaded after import = 2
========================================================================
Received Prepare
Begin MonoManager ReloadAssembly
- Loaded All Assemblies, in  0.492 seconds
Refreshing native plugins compatible for Editor in 3.86 ms, found 3 plugins.
Native extension for WindowsStandalone target not found
[Package Manager] Server::EnsureServerProcessIsRunning -- launch failed, reason: Unity was launched with the -noUpm command-line argument
[Package Manager] UpmClient::Send -- Unable to send message (not connected to UPM process).
[Package Manager] Cannot connect to Unity Package Manager local server
Mono: successfully reloaded assembly
- Finished resetting the current domain, in  1.134 seconds
Domain Reload Profiling: 1624ms
	BeginReloadAssembly (173ms)
		ExecutionOrderSort (0ms)
		DisableScriptedObjects (6ms)
		BackupInstance (0ms)
		ReleaseScriptingObjects (0ms)
		CreateAndSetChildDomain (34ms)
	RebuildCommonClasses (36ms)
	RebuildNativeTypeToScriptingClass (13ms)
	initialDomainReloadingComplete (32ms)
	LoadAllAssembliesAndSetupDomain (234ms)
		LoadAssemblies (311ms)
		RebuildTransferFunctionScriptingTraits (0ms)
		AnalyzeDomain (15ms)
			TypeCache.Refresh (7ms)
				TypeCache.ScanAssembly (0ms)
			ScanForSourceGeneratedMonoScriptInfo (0ms)
			ResolveRequiredComponents (6ms)
	FinalizeReload (1135ms)
		ReleaseScriptCaches (0ms)
		RebuildScriptCaches (0ms)
		SetupLoadedEditorAssemblies (484ms)
			LogAssemblyErrors (0ms)
			InitializePlatformSupportModulesInManaged (8ms)
			SetLoadedEditorAssemblies (5ms)
			RefreshPlugins (0ms)
			BeforeProcessingInitializeOnLoad (74ms)
			ProcessInitializeOnLoadAttributes (363ms)
			ProcessInitializeOnLoadMethodAttributes (25ms)
			AfterProcessingInitializeOnLoad (10ms)
			EditorAssembliesLoaded (0ms)
		ExecutionOrderSort2 (0ms)
		AwakeInstancesAfterBackupRestoration (18ms)
Refreshing native plugins compatible for Editor in 3.66 ms, found 3 plugins.
Preloading 0 native plugins for Editor in 0.00 ms.
Unloading 3061 Unused Serialized files (Serialized files now loaded: 0)
Unloading 22 unused Assets / (30.6 KB). Loaded Objects now: 3606.
Memory consumption went from 119.2 MB to 119.2 MB.
Total: 3.696500 ms (FindLiveObjects: 0.532900 ms CreateObjectMapping: 0.109200 ms MarkObjects: 2.996400 ms  DeleteObjects: 0.056700 ms)

Prepare: number of updated asset objects reloaded= 0
AssetImportParameters requested are different than current active one (requested -> active):
  custom:container-demuxer-ogg: 62fdf1f143b41e24485cea50d1cbac27 -> 
  custom:video-decoder-ogg-theora: a1e56fd34408186e4bbccfd4996cb3dc -> 
  custom:framework-win-MediaFoundation: 216162199b28c13a410421893ffa2e32 -> 
  custom:CustomObjectIndexerAttribute: 756ad292c208cfabdd7b50bc23989ffe -> 
  custom:container-demuxer-webm: 4f35f7cbe854078d1ac9338744f61a02 -> 
  custom:container-muxer-webm: aa71ff27fc2769a1b78a27578f13a17b -> 
  custom:video-decoder-webm-vp8: 9c59270c3fd7afecdb556c50c9e8de78 -> 
  custom:SearchIndexIgnoredProperties: e643bd26f0fe6173181afceb89e7c659 -> 
  custom:AudioImporter_EditorPlatform: d09bf68614088b80899f8185d706f6e7 -> 
  custom:video-encoder-webm-vp8: eb34c28f22e8b96e1ab97ce403110664 -> 
  custom:audio-decoder-ogg-vorbis: bf7c407c2cedff20999df2af8eb42d56 -> 
  custom:audio-encoder-webm-vorbis: bf7c407c2cedff20999df2af8eb42d56 -> 
========================================================================
Received Prepare
Begin MonoManager ReloadAssembly
- Loaded All Assemblies, in  0.460 seconds
Refreshing native plugins compatible for Editor in 3.71 ms, found 3 plugins.
Native extension for WindowsStandalone target not found
[Package Manager] Server::EnsureServerProcessIsRunning -- launch failed, reason: Unity was launched with the -noUpm command-line argument
[Package Manager] UpmClient::Send -- Unable to send message (not connected to UPM process).
[Package Manager] Cannot connect to Unity Package Manager local server
Mono: successfully reloaded assembly
- Finished resetting the current domain, in  1.084 seconds
Domain Reload Profiling: 1541ms
	BeginReloadAssembly (145ms)
		ExecutionOrderSort (0ms)
		DisableScriptedObjects (8ms)
		BackupInstance (0ms)
		ReleaseScriptingObjects (0ms)
		CreateAndSetChildDomain (30ms)
	RebuildCommonClasses (37ms)
	RebuildNativeTypeToScriptingClass (12ms)
	initialDomainReloadingComplete (32ms)
	LoadAllAssembliesAndSetupDomain (231ms)
		LoadAssemblies (290ms)
		RebuildTransferFunctionScriptingTraits (0ms)
		AnalyzeDomain (15ms)
			TypeCache.Refresh (7ms)
				TypeCache.ScanAssembly (0ms)
			ScanForSourceGeneratedMonoScriptInfo (0ms)
			ResolveRequiredComponents (6ms)
	FinalizeReload (1085ms)
		ReleaseScriptCaches (0ms)
		RebuildScriptCaches (0ms)
		SetupLoadedEditorAssemblies (497ms)
			LogAssemblyErrors (0ms)
			InitializePlatformSupportModulesInManaged (9ms)
			SetLoadedEditorAssemblies (5ms)
			RefreshPlugins (0ms)
			BeforeProcessingInitializeOnLoad (75ms)
			ProcessInitializeOnLoadAttributes (373ms)
			ProcessInitializeOnLoadMethodAttributes (27ms)
			AfterProcessingInitializeOnLoad (9ms)
			EditorAssembliesLoaded (0ms)
		ExecutionOrderSort2 (0ms)
		AwakeInstancesAfterBackupRestoration (20ms)
Refreshing native plugins compatible for Editor in 4.14 ms, found 3 plugins.
Preloading 0 native plugins for Editor in 0.00 ms.
Unloading 3062 Unused Serialized files (Serialized files now loaded: 0)
Unloading 22 unused Assets / (30.5 KB). Loaded Objects now: 3609.
Memory consumption went from 119.4 MB to 119.4 MB.
Total: 3.326800 ms (FindLiveObjects: 0.485400 ms CreateObjectMapping: 0.099000 ms MarkObjects: 2.694000 ms  DeleteObjects: 0.047600 ms)

Prepare: number of updated asset objects reloaded= 0
AssetImportParameters requested are different than current active one (requested -> active):
  custom:container-demuxer-ogg: 62fdf1f143b41e24485cea50d1cbac27 -> 
  custom:video-decoder-ogg-theora: a1e56fd34408186e4bbccfd4996cb3dc -> 
  custom:framework-win-MediaFoundation: 216162199b28c13a410421893ffa2e32 -> 
  custom:CustomObjectIndexerAttribute: 756ad292c208cfabdd7b50bc23989ffe -> 
  custom:container-demuxer-webm: 4f35f7cbe854078d1ac9338744f61a02 -> 
  custom:container-muxer-webm: aa71ff27fc2769a1b78a27578f13a17b -> 
  custom:video-decoder-webm-vp8: 9c59270c3fd7afecdb556c50c9e8de78 -> 
  custom:SearchIndexIgnoredProperties: e643bd26f0fe6173181afceb89e7c659 -> 
  custom:AudioImporter_EditorPlatform: d09bf68614088b80899f8185d706f6e7 -> 
  custom:video-encoder-webm-vp8: eb34c28f22e8b96e1ab97ce403110664 -> 
  custom:audio-decoder-ogg-vorbis: bf7c407c2cedff20999df2af8eb42d56 -> 
  custom:audio-encoder-webm-vorbis: bf7c407c2cedff20999df2af8eb42d56 -> 
========================================================================
Received Prepare
Begin MonoManager ReloadAssembly
- Loaded All Assemblies, in  0.485 seconds
Refreshing native plugins compatible for Editor in 3.92 ms, found 3 plugins.
Native extension for WindowsStandalone target not found
[Package Manager] Server::EnsureServerProcessIsRunning -- launch failed, reason: Unity was launched with the -noUpm command-line argument
[Package Manager] UpmClient::Send -- Unable to send message (not connected to UPM process).
[Package Manager] Cannot connect to Unity Package Manager local server
Mono: successfully reloaded assembly
- Finished resetting the current domain, in  1.105 seconds
Domain Reload Profiling: 1588ms
	BeginReloadAssembly (161ms)
		ExecutionOrderSort (0ms)
		DisableScriptedObjects (7ms)
		BackupInstance (0ms)
		ReleaseScriptingObjects (0ms)
		CreateAndSetChildDomain (30ms)
	RebuildCommonClasses (35ms)
	RebuildNativeTypeToScriptingClass (12ms)
	initialDomainReloadingComplete (34ms)
	LoadAllAssembliesAndSetupDomain (240ms)
		LoadAssemblies (312ms)
		RebuildTransferFunctionScriptingTraits (0ms)
		AnalyzeDomain (17ms)
			TypeCache.Refresh (7ms)
				TypeCache.ScanAssembly (0ms)
			ScanForSourceGeneratedMonoScriptInfo (0ms)
			ResolveRequiredComponents (7ms)
	FinalizeReload (1106ms)
		ReleaseScriptCaches (0ms)
		RebuildScriptCaches (0ms)
		SetupLoadedEditorAssemblies (487ms)
			LogAssemblyErrors (0ms)
			InitializePlatformSupportModulesInManaged (8ms)
			SetLoadedEditorAssemblies (5ms)
			RefreshPlugins (0ms)
			BeforeProcessingInitializeOnLoad (74ms)
			ProcessInitializeOnLoadAttributes (366ms)
			ProcessInitializeOnLoadMethodAttributes (24ms)
			AfterProcessingInitializeOnLoad (10ms)
			EditorAssembliesLoaded (0ms)
		ExecutionOrderSort2 (0ms)
		AwakeInstancesAfterBackupRestoration (19ms)
Refreshing native plugins compatible for Editor in 3.56 ms, found 3 plugins.
Preloading 0 native plugins for Editor in 0.00 ms.
Unloading 3062 Unused Serialized files (Serialized files now loaded: 0)
Unloading 22 unused Assets / (30.6 KB). Loaded Objects now: 3612.
Memory consumption went from 119.5 MB to 119.4 MB.
Total: 3.429600 ms (FindLiveObjects: 0.486800 ms CreateObjectMapping: 0.125400 ms MarkObjects: 2.720800 ms  DeleteObjects: 0.095600 ms)

Prepare: number of updated asset objects reloaded= 0
AssetImportParameters requested are different than current active one (requested -> active):
  custom:container-demuxer-ogg: 62fdf1f143b41e24485cea50d1cbac27 -> 
  custom:video-decoder-ogg-theora: a1e56fd34408186e4bbccfd4996cb3dc -> 
  custom:framework-win-MediaFoundation: 216162199b28c13a410421893ffa2e32 -> 
  custom:CustomObjectIndexerAttribute: 756ad292c208cfabdd7b50bc23989ffe -> 
  custom:container-demuxer-webm: 4f35f7cbe854078d1ac9338744f61a02 -> 
  custom:container-muxer-webm: aa71ff27fc2769a1b78a27578f13a17b -> 
  custom:video-decoder-webm-vp8: 9c59270c3fd7afecdb556c50c9e8de78 -> 
  custom:SearchIndexIgnoredProperties: e643bd26f0fe6173181afceb89e7c659 -> 
  custom:AudioImporter_EditorPlatform: d09bf68614088b80899f8185d706f6e7 -> 
  custom:video-encoder-webm-vp8: eb34c28f22e8b96e1ab97ce403110664 -> 
  custom:audio-decoder-ogg-vorbis: bf7c407c2cedff20999df2af8eb42d56 -> 
  custom:audio-encoder-webm-vorbis: bf7c407c2cedff20999df2af8eb42d56 -> 
========================================================================
Received Prepare
Begin MonoManager ReloadAssembly
- Loaded All Assemblies, in  0.492 seconds
Refreshing native plugins compatible for Editor in 4.59 ms, found 3 plugins.
Native extension for WindowsStandalone target not found
[Package Manager] Server::EnsureServerProcessIsRunning -- launch failed, reason: Unity was launched with the -noUpm command-line argument
[Package Manager] UpmClient::Send -- Unable to send message (not connected to UPM process).
[Package Manager] Cannot connect to Unity Package Manager local server
Mono: successfully reloaded assembly
- Finished resetting the current domain, in  1.089 seconds
Domain Reload Profiling: 1579ms
	BeginReloadAssembly (161ms)
		ExecutionOrderSort (0ms)
		DisableScriptedObjects (8ms)
		BackupInstance (0ms)
		ReleaseScriptingObjects (0ms)
		CreateAndSetChildDomain (30ms)
	RebuildCommonClasses (35ms)
	RebuildNativeTypeToScriptingClass (14ms)
	initialDomainReloadingComplete (32ms)
	LoadAllAssembliesAndSetupDomain (247ms)
		LoadAssemblies (320ms)
		RebuildTransferFunctionScriptingTraits (0ms)
		AnalyzeDomain (17ms)
			TypeCache.Refresh (8ms)
				TypeCache.ScanAssembly (0ms)
			ScanForSourceGeneratedMonoScriptInfo (0ms)
			ResolveRequiredComponents (7ms)
	FinalizeReload (1089ms)
		ReleaseScriptCaches (0ms)
		RebuildScriptCaches (0ms)
		SetupLoadedEditorAssemblies (480ms)
			LogAssemblyErrors (0ms)
			InitializePlatformSupportModulesInManaged (8ms)
			SetLoadedEditorAssemblies (5ms)
			RefreshPlugins (0ms)
			BeforeProcessingInitializeOnLoad (73ms)
			ProcessInitializeOnLoadAttributes (360ms)
			ProcessInitializeOnLoadMethodAttributes (24ms)
			AfterProcessingInitializeOnLoad (10ms)
			EditorAssembliesLoaded (0ms)
		ExecutionOrderSort2 (0ms)
		AwakeInstancesAfterBackupRestoration (18ms)
Refreshing native plugins compatible for Editor in 3.82 ms, found 3 plugins.
Preloading 0 native plugins for Editor in 0.00 ms.
Unloading 3062 Unused Serialized files (Serialized files now loaded: 0)
Unloading 22 unused Assets / (30.6 KB). Loaded Objects now: 3615.
Memory consumption went from 119.5 MB to 119.4 MB.
Total: 3.447500 ms (FindLiveObjects: 0.515500 ms CreateObjectMapping: 0.185700 ms MarkObjects: 2.675800 ms  DeleteObjects: 0.069600 ms)

Prepare: number of updated asset objects reloaded= 0
AssetImportParameters requested are different than current active one (requested -> active):
  custom:container-demuxer-ogg: 62fdf1f143b41e24485cea50d1cbac27 -> 
  custom:video-decoder-ogg-theora: a1e56fd34408186e4bbccfd4996cb3dc -> 
  custom:framework-win-MediaFoundation: 216162199b28c13a410421893ffa2e32 -> 
  custom:CustomObjectIndexerAttribute: 756ad292c208cfabdd7b50bc23989ffe -> 
  custom:container-demuxer-webm: 4f35f7cbe854078d1ac9338744f61a02 -> 
  custom:container-muxer-webm: aa71ff27fc2769a1b78a27578f13a17b -> 
  custom:video-decoder-webm-vp8: 9c59270c3fd7afecdb556c50c9e8de78 -> 
  custom:SearchIndexIgnoredProperties: e643bd26f0fe6173181afceb89e7c659 -> 
  custom:AudioImporter_EditorPlatform: d09bf68614088b80899f8185d706f6e7 -> 
  custom:video-encoder-webm-vp8: eb34c28f22e8b96e1ab97ce403110664 -> 
  custom:audio-decoder-ogg-vorbis: bf7c407c2cedff20999df2af8eb42d56 -> 
  custom:audio-encoder-webm-vorbis: bf7c407c2cedff20999df2af8eb42d56 -> 
========================================================================
Received Prepare
Refreshing native plugins compatible for Editor in 3.37 ms, found 3 plugins.
Preloading 0 native plugins for Editor in 0.00 ms.
Unloading 1 Unused Serialized files (Serialized files now loaded: 0)
Unloading 1 unused Assets / (3.0 KB). Loaded Objects now: 3615.
Memory consumption went from 72.1 MB to 72.1 MB.
Total: 3.502400 ms (FindLiveObjects: 0.432300 ms CreateObjectMapping: 0.119700 ms MarkObjects: 2.926300 ms  DeleteObjects: 0.023200 ms)

Prepare: number of updated asset objects reloaded= 0
AssetImportParameters requested are different than current active one (requested -> active):
  custom:container-demuxer-ogg: 62fdf1f143b41e24485cea50d1cbac27 -> 
  custom:video-decoder-ogg-theora: a1e56fd34408186e4bbccfd4996cb3dc -> 
  custom:framework-win-MediaFoundation: 216162199b28c13a410421893ffa2e32 -> 
  custom:CustomObjectIndexerAttribute: 756ad292c208cfabdd7b50bc23989ffe -> 
  custom:container-demuxer-webm: 4f35f7cbe854078d1ac9338744f61a02 -> 
  custom:container-muxer-webm: aa71ff27fc2769a1b78a27578f13a17b -> 
  custom:video-decoder-webm-vp8: 9c59270c3fd7afecdb556c50c9e8de78 -> 
  custom:SearchIndexIgnoredProperties: e643bd26f0fe6173181afceb89e7c659 -> 
  custom:AudioImporter_EditorPlatform: d09bf68614088b80899f8185d706f6e7 -> 
  custom:video-encoder-webm-vp8: eb34c28f22e8b96e1ab97ce403110664 -> 
  custom:audio-decoder-ogg-vorbis: bf7c407c2cedff20999df2af8eb42d56 -> 
  custom:audio-encoder-webm-vorbis: bf7c407c2cedff20999df2af8eb42d56 -> 
